<?xml version="1.0" encoding="UTF-8"?>
<!-- Generated by org.testng.reporters.JUnitReportReporter -->
<testsuite hostname="SKY-20171111GSC" name="gitted.baidu" tests="1" failures="0" timestamp="14 Mar 2019 07:05:13 GMT" time="9.150" errors="0">
  <testcase name="openfirefox" time="9.150" classname="gitted.baidu"/>
</testsuite> <!-- gitted.baidu -->
